[debug] [2026-06-14T04:24:38.994Z] ----------------------------------------------------------------------
[debug] [2026-06-14T04:24:38.997Z] Command:       C:\Program Files\nodejs\node.exe C:\Users\nico\AppData\Roaming\npm\node_modules\firebase-tools\lib\bin\firebase.js deploy --only functions
[debug] [2026-06-14T04:24:38.997Z] CLI Version:   15.20.0
[debug] [2026-06-14T04:24:38.997Z] Platform:      win32
[debug] [2026-06-14T04:24:38.997Z] Node Version:  v24.14.0
[debug] [2026-06-14T04:24:38.997Z] Time:          Sun Jun 14 2026 11:24:38 GMT+0700 (Waktu Indonesia Barat)
[debug] [2026-06-14T04:24:38.997Z] ----------------------------------------------------------------------
[debug] 
[debug] [2026-06-14T04:24:38.999Z] >>> [apiv2][query] GET https://firebase-public.firebaseio.com/cli.json [none]
[debug] [2026-06-14T04:24:40.138Z] > command requires scopes: ["email","openid","https://www.googleapis.com/auth/cloudplatformprojects.readonly","https://www.googleapis.com/auth/firebase","https://www.googleapis.com/auth/cloud-platform"]
[debug] [2026-06-14T04:24:40.138Z] > authorizing via signed-in user (nico.yonathan@gmail.com)
[debug] [2026-06-14T04:24:40.138Z] [iam] checking project gpp-project-d5905 for permissions ["cloudfunctions.functions.create","cloudfunctions.functions.delete","cloudfunctions.functions.get","cloudfunctions.functions.list","cloudfunctions.functions.update","cloudfunctions.operations.get","firebase.projects.get"]
[debug] [2026-06-14T04:24:40.139Z] Checked if tokens are valid: true, expires at: 1781414326676
[debug] [2026-06-14T04:24:40.139Z] Checked if tokens are valid: true, expires at: 1781414326676
[debug] [2026-06-14T04:24:40.139Z] >>> [apiv2][query] POST https://cloudresourcemanager.googleapis.com/v1/projects/gpp-project-d5905:testIamPermissions [none]
[debug] [2026-06-14T04:24:40.139Z] >>> [apiv2][(partial)header] POST https://cloudresourcemanager.googleapis.com/v1/projects/gpp-project-d5905:testIamPermissions  x-goog-user-project=gpp-project-d5905
[debug] [2026-06-14T04:24:40.139Z] >>> [apiv2][body] POST https://cloudresourcemanager.googleapis.com/v1/projects/gpp-project-d5905:testIamPermissions {"permissions":["cloudfunctions.functions.create","cloudfunctions.functions.delete","cloudfunctions.functions.get","cloudfunctions.functions.list","cloudfunctions.functions.update","cloudfunctions.operations.get","firebase.projects.get"]}
[debug] [2026-06-14T04:24:40.198Z] *** [apiv2] error from fetch(https://firebase-public.firebaseio.com/cli.json, {"headers":{},"method":"GET"}): FetchError: request to https://firebase-public.firebaseio.com/cli.json failed, reason: read ECONNRESET
[warn] !  Unable to fetch the CLI MOTD and remote config. This is not a fatal error, but may indicate an issue with your network connection. 
[debug] [2026-06-14T04:24:40.199Z] Failed to fetch MOTD FirebaseError: Failed to make request to https://firebase-public.firebaseio.com/cli.json
[debug] [2026-06-14T04:24:40.609Z] <<< [apiv2][status] POST https://cloudresourcemanager.googleapis.com/v1/projects/gpp-project-d5905:testIamPermissions 200
[debug] [2026-06-14T04:24:40.609Z] <<< [apiv2][body] POST https://cloudresourcemanager.googleapis.com/v1/projects/gpp-project-d5905:testIamPermissions {"permissions":["cloudfunctions.functions.create","cloudfunctions.functions.delete","cloudfunctions.functions.get","cloudfunctions.functions.list","cloudfunctions.functions.update","cloudfunctions.operations.get","firebase.projects.get"]}
[debug] [2026-06-14T04:24:40.610Z] Checked if tokens are valid: true, expires at: 1781414326676
[debug] [2026-06-14T04:24:40.610Z] Checked if tokens are valid: true, expires at: 1781414326676
[debug] [2026-06-14T04:24:40.610Z] >>> [apiv2][query] POST https://iam.googleapis.com/v1/projects/gpp-project-d5905/serviceAccounts/gpp-project-d5905@appspot.gserviceaccount.com:testIamPermissions [none]
[debug] [2026-06-14T04:24:40.610Z] >>> [apiv2][body] POST https://iam.googleapis.com/v1/projects/gpp-project-d5905/serviceAccounts/gpp-project-d5905@appspot.gserviceaccount.com:testIamPermissions {"permissions":["iam.serviceAccounts.actAs"]}
[debug] [2026-06-14T04:24:42.180Z] <<< [apiv2][status] POST https://iam.googleapis.com/v1/projects/gpp-project-d5905/serviceAccounts/gpp-project-d5905@appspot.gserviceaccount.com:testIamPermissions 404
[debug] [2026-06-14T04:24:42.180Z] <<< [apiv2][body] POST https://iam.googleapis.com/v1/projects/gpp-project-d5905/serviceAccounts/gpp-project-d5905@appspot.gserviceaccount.com:testIamPermissions {"error":{"code":404,"message":"Unknown service account","status":"NOT_FOUND"}}
[debug] [2026-06-14T04:24:42.181Z] [functions] service account IAM check errored, deploy may fail: Request to https://iam.googleapis.com/v1/projects/gpp-project-d5905/serviceAccounts/gpp-project-d5905@appspot.gserviceaccount.com:testIamPermissions had HTTP Error: 404, Unknown service account {"name":"FirebaseError","children":[],"context":{"body":{"error":{"code":404,"message":"Unknown service account","status":"NOT_FOUND"}},"response":{"statusCode":404}},"exit":1,"message":"Request to https://iam.googleapis.com/v1/projects/gpp-project-d5905/serviceAccounts/gpp-project-d5905@appspot.gserviceaccount.com:testIamPermissions had HTTP Error: 404, Unknown service account","status":404}
[info] 
[info] === Deploying to 'gpp-project-d5905'...
[info] 
[info] i  deploying functions 
[debug] [2026-06-14T04:24:42.188Z] Checked if tokens are valid: true, expires at: 1781414326676
[debug] [2026-06-14T04:24:42.188Z] Checked if tokens are valid: true, expires at: 1781414326676
[debug] [2026-06-14T04:24:42.188Z] >>> [apiv2][query] GET https://cloudresourcemanager.googleapis.com/v1/projects/gpp-project-d5905 [none]
[debug] [2026-06-14T04:24:42.589Z] <<< [apiv2][status] GET https://cloudresourcemanager.googleapis.com/v1/projects/gpp-project-d5905 200
[debug] [2026-06-14T04:24:42.590Z] <<< [apiv2][body] GET https://cloudresourcemanager.googleapis.com/v1/projects/gpp-project-d5905 {"projectNumber":"1066885898480","projectId":"gpp-project-d5905","lifecycleState":"ACTIVE","name":"GPP Project","labels":{"firebase":"enabled","firebase-core":"disabled"},"createTime":"2026-03-13T07:54:54.476111Z","parent":{"type":"organization","id":"662614980553"}}
[info] i  functions: preparing codebase default for deployment 
[info] i  functions: ensuring required API cloudfunctions.googleapis.com is enabled... 
[debug] [2026-06-14T04:24:42.592Z] Checked if tokens are valid: true, expires at: 1781414326676
[debug] [2026-06-14T04:24:42.592Z] Checked if tokens are valid: true, expires at: 1781414326676
[debug] [2026-06-14T04:24:42.592Z] Checked if tokens are valid: true, expires at: 1781414326676
[debug] [2026-06-14T04:24:42.593Z] Checked if tokens are valid: true, expires at: 1781414326676
[info] i  functions: ensuring required API cloudbuild.googleapis.com is enabled... 
[debug] [2026-06-14T04:24:42.593Z] Checked if tokens are valid: true, expires at: 1781414326676
[debug] [2026-06-14T04:24:42.593Z] Checked if tokens are valid: true, expires at: 1781414326676
[info] i  artifactregistry: ensuring required API artifactregistry.googleapis.com is enabled... 
[debug] [2026-06-14T04:24:42.594Z] Checked if tokens are valid: true, expires at: 1781414326676
[debug] [2026-06-14T04:24:42.594Z] Checked if tokens are valid: true, expires at: 1781414326676
[debug] [2026-06-14T04:24:42.594Z] >>> [apiv2][query] GET https://serviceusage.googleapis.com/v1/projects/gpp-project-d5905/services/cloudfunctions.googleapis.com [none]
[debug] [2026-06-14T04:24:42.594Z] >>> [apiv2][(partial)header] GET https://serviceusage.googleapis.com/v1/projects/gpp-project-d5905/services/cloudfunctions.googleapis.com  x-goog-user-project=gpp-project-d5905
[debug] [2026-06-14T04:24:42.595Z] >>> [apiv2][query] GET https://serviceusage.googleapis.com/v1/projects/gpp-project-d5905/services/runtimeconfig.googleapis.com [none]
[debug] [2026-06-14T04:24:42.595Z] >>> [apiv2][(partial)header] GET https://serviceusage.googleapis.com/v1/projects/gpp-project-d5905/services/runtimeconfig.googleapis.com  x-goog-user-project=gpp-project-d5905
[debug] [2026-06-14T04:24:42.596Z] >>> [apiv2][query] GET https://serviceusage.googleapis.com/v1/projects/gpp-project-d5905/services/cloudbuild.googleapis.com [none]
[debug] [2026-06-14T04:24:42.596Z] >>> [apiv2][(partial)header] GET https://serviceusage.googleapis.com/v1/projects/gpp-project-d5905/services/cloudbuild.googleapis.com  x-goog-user-project=gpp-project-d5905
[debug] [2026-06-14T04:24:42.596Z] >>> [apiv2][query] GET https://serviceusage.googleapis.com/v1/projects/gpp-project-d5905/services/artifactregistry.googleapis.com [none]
[debug] [2026-06-14T04:24:42.596Z] >>> [apiv2][(partial)header] GET https://serviceusage.googleapis.com/v1/projects/gpp-project-d5905/services/artifactregistry.googleapis.com  x-goog-user-project=gpp-project-d5905
[debug] [2026-06-14T04:24:44.043Z] <<< [apiv2][status] GET https://serviceusage.googleapis.com/v1/projects/gpp-project-d5905/services/cloudfunctions.googleapis.com 200
[debug] [2026-06-14T04:24:44.043Z] <<< [apiv2][body] GET https://serviceusage.googleapis.com/v1/projects/gpp-project-d5905/services/cloudfunctions.googleapis.com [omitted]
[warn] !  functions: missing required API cloudfunctions.googleapis.com. Enabling now... 
[debug] [2026-06-14T04:24:44.044Z] Checked if tokens are valid: true, expires at: 1781414326676
[debug] [2026-06-14T04:24:44.044Z] Checked if tokens are valid: true, expires at: 1781414326676
[debug] [2026-06-14T04:24:44.044Z] >>> [apiv2][query] POST https://serviceusage.googleapis.com/v1/projects/gpp-project-d5905/services/cloudfunctions.googleapis.com:enable [none]
[debug] [2026-06-14T04:24:44.044Z] >>> [apiv2][(partial)header] POST https://serviceusage.googleapis.com/v1/projects/gpp-project-d5905/services/cloudfunctions.googleapis.com:enable  x-goog-user-project=gpp-project-d5905
[debug] [2026-06-14T04:24:44.098Z] <<< [apiv2][status] GET https://serviceusage.googleapis.com/v1/projects/gpp-project-d5905/services/cloudbuild.googleapis.com 200
[debug] [2026-06-14T04:24:44.098Z] <<< [apiv2][body] GET https://serviceusage.googleapis.com/v1/projects/gpp-project-d5905/services/cloudbuild.googleapis.com [omitted]
[warn] !  functions: missing required API cloudbuild.googleapis.com. Enabling now... 
[debug] [2026-06-14T04:24:44.098Z] Checked if tokens are valid: true, expires at: 1781414326676
[debug] [2026-06-14T04:24:44.099Z] Checked if tokens are valid: true, expires at: 1781414326676
[debug] [2026-06-14T04:24:44.099Z] >>> [apiv2][query] POST https://serviceusage.googleapis.com/v1/projects/gpp-project-d5905/services/cloudbuild.googleapis.com:enable [none]
[debug] [2026-06-14T04:24:44.099Z] >>> [apiv2][(partial)header] POST https://serviceusage.googleapis.com/v1/projects/gpp-project-d5905/services/cloudbuild.googleapis.com:enable  x-goog-user-project=gpp-project-d5905
[debug] [2026-06-14T04:24:44.172Z] <<< [apiv2][status] GET https://serviceusage.googleapis.com/v1/projects/gpp-project-d5905/services/runtimeconfig.googleapis.com 200
[debug] [2026-06-14T04:24:44.172Z] <<< [apiv2][body] GET https://serviceusage.googleapis.com/v1/projects/gpp-project-d5905/services/runtimeconfig.googleapis.com [omitted]
[debug] [2026-06-14T04:24:44.262Z] <<< [apiv2][status] GET https://serviceusage.googleapis.com/v1/projects/gpp-project-d5905/services/artifactregistry.googleapis.com 200
[debug] [2026-06-14T04:24:44.262Z] <<< [apiv2][body] GET https://serviceusage.googleapis.com/v1/projects/gpp-project-d5905/services/artifactregistry.googleapis.com [omitted]
[warn] !  artifactregistry: missing required API artifactregistry.googleapis.com. Enabling now... 
[debug] [2026-06-14T04:24:44.263Z] Checked if tokens are valid: true, expires at: 1781414326676
[debug] [2026-06-14T04:24:44.263Z] Checked if tokens are valid: true, expires at: 1781414326676
[debug] [2026-06-14T04:24:44.263Z] >>> [apiv2][query] POST https://serviceusage.googleapis.com/v1/projects/gpp-project-d5905/services/artifactregistry.googleapis.com:enable [none]
[debug] [2026-06-14T04:24:44.263Z] >>> [apiv2][(partial)header] POST https://serviceusage.googleapis.com/v1/projects/gpp-project-d5905/services/artifactregistry.googleapis.com:enable  x-goog-user-project=gpp-project-d5905
[debug] [2026-06-14T04:24:44.696Z] <<< [apiv2][status] POST https://serviceusage.googleapis.com/v1/projects/gpp-project-d5905/services/artifactregistry.googleapis.com:enable 200
[debug] [2026-06-14T04:24:44.697Z] <<< [apiv2][body] POST https://serviceusage.googleapis.com/v1/projects/gpp-project-d5905/services/artifactregistry.googleapis.com:enable [omitted]
[debug] [2026-06-14T04:24:44.740Z] <<< [apiv2][status] POST https://serviceusage.googleapis.com/v1/projects/gpp-project-d5905/services/cloudfunctions.googleapis.com:enable 200
[debug] [2026-06-14T04:24:44.740Z] <<< [apiv2][body] POST https://serviceusage.googleapis.com/v1/projects/gpp-project-d5905/services/cloudfunctions.googleapis.com:enable [omitted]
[debug] [2026-06-14T04:24:44.770Z] <<< [apiv2][status] POST https://serviceusage.googleapis.com/v1/projects/gpp-project-d5905/services/cloudbuild.googleapis.com:enable 200
[debug] [2026-06-14T04:24:44.770Z] <<< [apiv2][body] POST https://serviceusage.googleapis.com/v1/projects/gpp-project-d5905/services/cloudbuild.googleapis.com:enable [omitted]
[debug] [2026-06-14T04:24:54.793Z] Checked if tokens are valid: true, expires at: 1781414326676
[debug] [2026-06-14T04:24:54.793Z] Checked if tokens are valid: true, expires at: 1781414326676
[debug] [2026-06-14T04:24:54.793Z] >>> [apiv2][query] GET https://firebase.googleapis.com/v1beta1/projects/gpp-project-d5905/adminSdkConfig [none]
[debug] [2026-06-14T04:24:55.333Z] <<< [apiv2][status] GET https://firebase.googleapis.com/v1beta1/projects/gpp-project-d5905/adminSdkConfig 200
[debug] [2026-06-14T04:24:55.333Z] <<< [apiv2][body] GET https://firebase.googleapis.com/v1beta1/projects/gpp-project-d5905/adminSdkConfig {"projectId":"gpp-project-d5905","storageBucket":"gpp-project-d5905.firebasestorage.app"}
[debug] [2026-06-14T04:24:55.334Z] Checked if tokens are valid: true, expires at: 1781414326676
[debug] [2026-06-14T04:24:55.334Z] Checked if tokens are valid: true, expires at: 1781414326676
[debug] [2026-06-14T04:24:55.334Z] >>> [apiv2][query] GET https://runtimeconfig.googleapis.com/v1beta1/projects/gpp-project-d5905/configs [none]
[debug] [2026-06-14T04:24:56.842Z] <<< [apiv2][status] GET https://runtimeconfig.googleapis.com/v1beta1/projects/gpp-project-d5905/configs 200
[debug] [2026-06-14T04:24:56.842Z] <<< [apiv2][body] GET https://runtimeconfig.googleapis.com/v1beta1/projects/gpp-project-d5905/configs {}
[debug] [2026-06-14T04:24:56.845Z] Validating nodejs source
[warn] !  functions: Runtime Node.js 20 was deprecated on 2026-04-30 and will be decommissioned on 2026-10-30, after which you will not be able to deploy without upgrading. Consider upgrading now to avoid disruption. See https://cloud.google.com/functions/docs/runtime-support for full details on the lifecycle policy 
[warn] !  functions: package.json indicates an outdated version of firebase-functions. Please upgrade using npm install --save firebase-functions@latest in your functions directory. 
[warn] !  functions: Please note that there will be breaking changes when you upgrade. 
[debug] [2026-06-14T04:24:57.870Z] > [functions] package.json contents: {
  "name": "gpp-portal-functions",
  "version": "1.0.0",
  "description": "GPP Portal Cloud Functions",
  "main": "index.js",
  "engines": {
    "node": "20"
  },
  "dependencies": {
    "firebase-admin": "^12.0.0",
    "firebase-functions": "^5.0.0"
  }
}
[debug] [2026-06-14T04:24:57.871Z] Building nodejs source
[info] i  functions: Loading and analyzing source code for codebase default to determine what to deploy 
[debug] [2026-06-14T04:24:57.872Z] Could not find functions.yaml. Must use http discovery
[debug] [2026-06-14T04:24:57.885Z] Found firebase-functions binary at 'C:\Users\nico\Documents\Nic Personal Project\fuelops-gpp\functions\node_modules\.bin\firebase-functions'
[info] Serving at port 8835

[debug] [2026-06-14T04:24:58.219Z] Got response from /__/functions.yaml {"endpoints":{"sendApprovalPush":{"availableMemoryMb":null,"timeoutSeconds":null,"minInstances":null,"maxInstances":null,"ingressSettings":null,"concurrency":null,"serviceAccountEmail":null,"vpc":null,"platform":"gcfv2","labels":{},"eventTrigger":{"eventType":"google.cloud.firestore.document.v1.created","eventFilters":{"database":"(default)","namespace":"(default)"},"eventFilterPathPatterns":{"document":"notification_requests/{reqId}"},"retry":false},"entryPoint":"sendApprovalPush"}},"specVersion":"v1alpha1","requiredAPIs":[],"extensions":{}}
[debug] [2026-06-14T04:25:02.262Z] Checked if tokens are valid: true, expires at: 1781414326676
[debug] [2026-06-14T04:25:02.262Z] Checked if tokens are valid: true, expires at: 1781414326676
[debug] [2026-06-14T04:25:02.262Z] >>> [apiv2][query] GET https://cloudfunctions.googleapis.com/v1/projects/gpp-project-d5905/locations/-/functions [none]
[debug] [2026-06-14T04:25:03.337Z] <<< [apiv2][status] GET https://cloudfunctions.googleapis.com/v1/projects/gpp-project-d5905/locations/-/functions 200
[debug] [2026-06-14T04:25:03.337Z] <<< [apiv2][body] GET https://cloudfunctions.googleapis.com/v1/projects/gpp-project-d5905/locations/-/functions {}
[debug] [2026-06-14T04:25:03.338Z] Checked if tokens are valid: true, expires at: 1781414326676
[debug] [2026-06-14T04:25:03.338Z] Checked if tokens are valid: true, expires at: 1781414326676
[debug] [2026-06-14T04:25:03.338Z] >>> [apiv2][query] GET https://cloudfunctions.googleapis.com/v2/projects/gpp-project-d5905/locations/-/functions filter=environment%3D%22GEN_2%22
[debug] [2026-06-14T04:25:05.114Z] <<< [apiv2][status] GET https://cloudfunctions.googleapis.com/v2/projects/gpp-project-d5905/locations/-/functions 200
[debug] [2026-06-14T04:25:05.114Z] <<< [apiv2][body] GET https://cloudfunctions.googleapis.com/v2/projects/gpp-project-d5905/locations/-/functions {}
[info] i  extensions: ensuring required API firebaseextensions.googleapis.com is enabled... 
[debug] [2026-06-14T04:25:05.117Z] Checked if tokens are valid: true, expires at: 1781414326676
[debug] [2026-06-14T04:25:05.117Z] Checked if tokens are valid: true, expires at: 1781414326676
[debug] [2026-06-14T04:25:05.117Z] >>> [apiv2][query] GET https://serviceusage.googleapis.com/v1/projects/gpp-project-d5905/services/firebaseextensions.googleapis.com [none]
[debug] [2026-06-14T04:25:05.117Z] >>> [apiv2][(partial)header] GET https://serviceusage.googleapis.com/v1/projects/gpp-project-d5905/services/firebaseextensions.googleapis.com  x-goog-user-project=gpp-project-d5905
[debug] [2026-06-14T04:25:06.625Z] <<< [apiv2][status] GET https://serviceusage.googleapis.com/v1/projects/gpp-project-d5905/services/firebaseextensions.googleapis.com 200
[debug] [2026-06-14T04:25:06.625Z] <<< [apiv2][body] GET https://serviceusage.googleapis.com/v1/projects/gpp-project-d5905/services/firebaseextensions.googleapis.com [omitted]
[warn] !  extensions: missing required API firebaseextensions.googleapis.com. Enabling now... 
[debug] [2026-06-14T04:25:06.626Z] Checked if tokens are valid: true, expires at: 1781414326676
[debug] [2026-06-14T04:25:06.626Z] Checked if tokens are valid: true, expires at: 1781414326676
[debug] [2026-06-14T04:25:06.626Z] >>> [apiv2][query] POST https://serviceusage.googleapis.com/v1/projects/gpp-project-d5905/services/firebaseextensions.googleapis.com:enable [none]
[debug] [2026-06-14T04:25:06.626Z] >>> [apiv2][(partial)header] POST https://serviceusage.googleapis.com/v1/projects/gpp-project-d5905/services/firebaseextensions.googleapis.com:enable  x-goog-user-project=gpp-project-d5905
[debug] [2026-06-14T04:25:07.191Z] <<< [apiv2][status] POST https://serviceusage.googleapis.com/v1/projects/gpp-project-d5905/services/firebaseextensions.googleapis.com:enable 200
[debug] [2026-06-14T04:25:07.191Z] <<< [apiv2][body] POST https://serviceusage.googleapis.com/v1/projects/gpp-project-d5905/services/firebaseextensions.googleapis.com:enable [omitted]
[debug] [2026-06-14T04:25:17.201Z] > command requires scopes: ["email","openid","https://www.googleapis.com/auth/cloudplatformprojects.readonly","https://www.googleapis.com/auth/firebase","https://www.googleapis.com/auth/cloud-platform"]
[debug] [2026-06-14T04:25:17.202Z] > authorizing via signed-in user (nico.yonathan@gmail.com)
[debug] [2026-06-14T04:25:17.204Z] [iam] checking project gpp-project-d5905 for permissions ["firebase.projects.get","firebaseextensions.instances.list"]
[debug] [2026-06-14T04:25:17.204Z] Checked if tokens are valid: true, expires at: 1781414326676
[debug] [2026-06-14T04:25:17.204Z] Checked if tokens are valid: true, expires at: 1781414326676
[debug] [2026-06-14T04:25:17.204Z] >>> [apiv2][query] POST https://cloudresourcemanager.googleapis.com/v1/projects/gpp-project-d5905:testIamPermissions [none]
[debug] [2026-06-14T04:25:17.204Z] >>> [apiv2][(partial)header] POST https://cloudresourcemanager.googleapis.com/v1/projects/gpp-project-d5905:testIamPermissions  x-goog-user-project=gpp-project-d5905
[debug] [2026-06-14T04:25:17.204Z] >>> [apiv2][body] POST https://cloudresourcemanager.googleapis.com/v1/projects/gpp-project-d5905:testIamPermissions {"permissions":["firebase.projects.get","firebaseextensions.instances.list"]}
[debug] [2026-06-14T04:25:17.939Z] <<< [apiv2][status] POST https://cloudresourcemanager.googleapis.com/v1/projects/gpp-project-d5905:testIamPermissions 200
[debug] [2026-06-14T04:25:17.940Z] <<< [apiv2][body] POST https://cloudresourcemanager.googleapis.com/v1/projects/gpp-project-d5905:testIamPermissions {"permissions":["firebase.projects.get","firebaseextensions.instances.list"]}
[debug] [2026-06-14T04:25:17.940Z] Checked if tokens are valid: true, expires at: 1781414326676
[debug] [2026-06-14T04:25:17.941Z] Checked if tokens are valid: true, expires at: 1781414326676
[debug] [2026-06-14T04:25:17.941Z] >>> [apiv2][query] GET https://firebaseextensions.googleapis.com/v1beta/projects/gpp-project-d5905/instances pageSize=100&pageToken=
[debug] [2026-06-14T04:25:20.851Z] <<< [apiv2][status] GET https://firebaseextensions.googleapis.com/v1beta/projects/gpp-project-d5905/instances 200
[debug] [2026-06-14T04:25:20.851Z] <<< [apiv2][body] GET https://firebaseextensions.googleapis.com/v1beta/projects/gpp-project-d5905/instances {}
[debug] [2026-06-14T04:25:20.852Z] Checked if tokens are valid: true, expires at: 1781414326676
[debug] [2026-06-14T04:25:20.853Z] Checked if tokens are valid: true, expires at: 1781414326676
[debug] [2026-06-14T04:25:20.853Z] >>> [apiv2][query] GET https://firestore.googleapis.com/v1/projects/gpp-project-d5905/databases/(default) [none]
[debug] [2026-06-14T04:25:21.232Z] <<< [apiv2][status] GET https://firestore.googleapis.com/v1/projects/gpp-project-d5905/databases/(default) 200
[debug] [2026-06-14T04:25:21.232Z] <<< [apiv2][body] GET https://firestore.googleapis.com/v1/projects/gpp-project-d5905/databases/(default) {"name":"projects/gpp-project-d5905/databases/(default)","uid":"49960fb3-7ce2-424b-a457-ade00f992eff","createTime":"2026-03-13T08:45:15.533568Z","updateTime":"2026-03-13T08:45:15.533568Z","locationId":"asia-southeast1","type":"FIRESTORE_NATIVE","concurrencyMode":"PESSIMISTIC","versionRetentionPeriod":"3600s","earliestVersionTime":"2026-06-14T03:25:20.682002Z","appEngineIntegrationMode":"DISABLED","keyPrefix":"zas","pointInTimeRecoveryEnablement":"POINT_IN_TIME_RECOVERY_DISABLED","deleteProtectionState":"DELETE_PROTECTION_DISABLED","databaseEdition":"STANDARD","freeTier":true,"realtimeUpdatesMode":"REALTIME_UPDATES_MODE_ENABLED","etag":"IK2YsMjxhZUDMMSKsqfFnJMD"}
[info] i  functions: preparing functions directory for uploading... 
[info] i  functions: packaged C:\Users\nico\Documents\Nic Personal Project\fuelops-gpp\functions (30.5 KB) for uploading 
[info] i  functions: ensuring required API run.googleapis.com is enabled... 
[debug] [2026-06-14T04:25:21.319Z] Checked if tokens are valid: true, expires at: 1781414326676
[debug] [2026-06-14T04:25:21.319Z] Checked if tokens are valid: true, expires at: 1781414326676
[info] i  functions: ensuring required API eventarc.googleapis.com is enabled... 
[debug] [2026-06-14T04:25:21.320Z] Checked if tokens are valid: true, expires at: 1781414326676
[debug] [2026-06-14T04:25:21.320Z] Checked if tokens are valid: true, expires at: 1781414326676
[info] i  functions: ensuring required API pubsub.googleapis.com is enabled... 
[debug] [2026-06-14T04:25:21.321Z] Checked if tokens are valid: true, expires at: 1781414326676
[debug] [2026-06-14T04:25:21.321Z] Checked if tokens are valid: true, expires at: 1781414326676
[info] i  functions: ensuring required API storage.googleapis.com is enabled... 
[debug] [2026-06-14T04:25:21.322Z] Checked if tokens are valid: true, expires at: 1781414326676
[debug] [2026-06-14T04:25:21.322Z] Checked if tokens are valid: true, expires at: 1781414326676
[debug] [2026-06-14T04:25:21.323Z] >>> [apiv2][query] GET https://serviceusage.googleapis.com/v1/projects/1066885898480/services/run.googleapis.com [none]
[debug] [2026-06-14T04:25:21.323Z] >>> [apiv2][(partial)header] GET https://serviceusage.googleapis.com/v1/projects/1066885898480/services/run.googleapis.com  x-goog-user-project=1066885898480
[debug] [2026-06-14T04:25:21.327Z] >>> [apiv2][query] GET https://serviceusage.googleapis.com/v1/projects/1066885898480/services/eventarc.googleapis.com [none]
[debug] [2026-06-14T04:25:21.327Z] >>> [apiv2][(partial)header] GET https://serviceusage.googleapis.com/v1/projects/1066885898480/services/eventarc.googleapis.com  x-goog-user-project=1066885898480
[debug] [2026-06-14T04:25:21.330Z] >>> [apiv2][query] GET https://serviceusage.googleapis.com/v1/projects/1066885898480/services/pubsub.googleapis.com [none]
[debug] [2026-06-14T04:25:21.330Z] >>> [apiv2][(partial)header] GET https://serviceusage.googleapis.com/v1/projects/1066885898480/services/pubsub.googleapis.com  x-goog-user-project=1066885898480
[debug] [2026-06-14T04:25:21.332Z] >>> [apiv2][query] GET https://serviceusage.googleapis.com/v1/projects/1066885898480/services/storage.googleapis.com [none]
[debug] [2026-06-14T04:25:21.332Z] >>> [apiv2][(partial)header] GET https://serviceusage.googleapis.com/v1/projects/1066885898480/services/storage.googleapis.com  x-goog-user-project=1066885898480
[debug] [2026-06-14T04:25:22.934Z] <<< [apiv2][status] GET https://serviceusage.googleapis.com/v1/projects/1066885898480/services/storage.googleapis.com 200
[debug] [2026-06-14T04:25:22.934Z] <<< [apiv2][body] GET https://serviceusage.googleapis.com/v1/projects/1066885898480/services/storage.googleapis.com [omitted]
[info] +  functions: required API storage.googleapis.com is enabled 
[debug] [2026-06-14T04:25:22.953Z] <<< [apiv2][status] GET https://serviceusage.googleapis.com/v1/projects/1066885898480/services/run.googleapis.com 200
[debug] [2026-06-14T04:25:22.954Z] <<< [apiv2][body] GET https://serviceusage.googleapis.com/v1/projects/1066885898480/services/run.googleapis.com [omitted]
[warn] !  functions: missing required API run.googleapis.com. Enabling now... 
[debug] [2026-06-14T04:25:22.954Z] Checked if tokens are valid: true, expires at: 1781414326676
[debug] [2026-06-14T04:25:22.954Z] Checked if tokens are valid: true, expires at: 1781414326676
[debug] [2026-06-14T04:25:22.954Z] >>> [apiv2][query] POST https://serviceusage.googleapis.com/v1/projects/1066885898480/services/run.googleapis.com:enable [none]
[debug] [2026-06-14T04:25:22.954Z] >>> [apiv2][(partial)header] POST https://serviceusage.googleapis.com/v1/projects/1066885898480/services/run.googleapis.com:enable  x-goog-user-project=1066885898480
[debug] [2026-06-14T04:25:23.103Z] <<< [apiv2][status] GET https://serviceusage.googleapis.com/v1/projects/1066885898480/services/eventarc.googleapis.com 200
[debug] [2026-06-14T04:25:23.104Z] <<< [apiv2][body] GET https://serviceusage.googleapis.com/v1/projects/1066885898480/services/eventarc.googleapis.com [omitted]
[warn] !  functions: missing required API eventarc.googleapis.com. Enabling now... 
[debug] [2026-06-14T04:25:23.105Z] Checked if tokens are valid: true, expires at: 1781414326676
[debug] [2026-06-14T04:25:23.105Z] Checked if tokens are valid: true, expires at: 1781414326676
[debug] [2026-06-14T04:25:23.106Z] >>> [apiv2][query] POST https://serviceusage.googleapis.com/v1/projects/1066885898480/services/eventarc.googleapis.com:enable [none]
[debug] [2026-06-14T04:25:23.106Z] >>> [apiv2][(partial)header] POST https://serviceusage.googleapis.com/v1/projects/1066885898480/services/eventarc.googleapis.com:enable  x-goog-user-project=1066885898480
[debug] [2026-06-14T04:25:23.161Z] <<< [apiv2][status] GET https://serviceusage.googleapis.com/v1/projects/1066885898480/services/pubsub.googleapis.com 200
[debug] [2026-06-14T04:25:23.161Z] <<< [apiv2][body] GET https://serviceusage.googleapis.com/v1/projects/1066885898480/services/pubsub.googleapis.com [omitted]
[info] +  functions: required API pubsub.googleapis.com is enabled 
[debug] [2026-06-14T04:25:23.643Z] <<< [apiv2][status] POST https://serviceusage.googleapis.com/v1/projects/1066885898480/services/run.googleapis.com:enable 200
[debug] [2026-06-14T04:25:23.644Z] <<< [apiv2][body] POST https://serviceusage.googleapis.com/v1/projects/1066885898480/services/run.googleapis.com:enable [omitted]
[debug] [2026-06-14T04:25:23.889Z] <<< [apiv2][status] POST https://serviceusage.googleapis.com/v1/projects/1066885898480/services/eventarc.googleapis.com:enable 200
[debug] [2026-06-14T04:25:23.889Z] <<< [apiv2][body] POST https://serviceusage.googleapis.com/v1/projects/1066885898480/services/eventarc.googleapis.com:enable [omitted]
[info] i  functions: generating the service identity for pubsub.googleapis.com... 
[debug] [2026-06-14T04:25:33.915Z] Checked if tokens are valid: true, expires at: 1781414326676
[debug] [2026-06-14T04:25:33.915Z] Checked if tokens are valid: true, expires at: 1781414326676
[info] i  functions: generating the service identity for eventarc.googleapis.com... 
[debug] [2026-06-14T04:25:33.916Z] Checked if tokens are valid: true, expires at: 1781414326676
[debug] [2026-06-14T04:25:33.916Z] Checked if tokens are valid: true, expires at: 1781414326676
[debug] [2026-06-14T04:25:33.916Z] >>> [apiv2][query] POST https://serviceusage.googleapis.com/v1beta1/projects/1066885898480/services/pubsub.googleapis.com:generateServiceIdentity [none]
[debug] [2026-06-14T04:25:33.916Z] >>> [apiv2][(partial)header] POST https://serviceusage.googleapis.com/v1beta1/projects/1066885898480/services/pubsub.googleapis.com:generateServiceIdentity  x-goog-user-project=1066885898480
[debug] [2026-06-14T04:25:33.916Z] >>> [apiv2][body] POST https://serviceusage.googleapis.com/v1beta1/projects/1066885898480/services/pubsub.googleapis.com:generateServiceIdentity {}
[debug] [2026-06-14T04:25:33.917Z] >>> [apiv2][query] POST https://serviceusage.googleapis.com/v1beta1/projects/1066885898480/services/eventarc.googleapis.com:generateServiceIdentity [none]
[debug] [2026-06-14T04:25:33.918Z] >>> [apiv2][(partial)header] POST https://serviceusage.googleapis.com/v1beta1/projects/1066885898480/services/eventarc.googleapis.com:generateServiceIdentity  x-goog-user-project=1066885898480
[debug] [2026-06-14T04:25:33.918Z] >>> [apiv2][body] POST https://serviceusage.googleapis.com/v1beta1/projects/1066885898480/services/eventarc.googleapis.com:generateServiceIdentity {}
[debug] [2026-06-14T04:25:35.774Z] <<< [apiv2][status] POST https://serviceusage.googleapis.com/v1beta1/projects/1066885898480/services/pubsub.googleapis.com:generateServiceIdentity 200
[debug] [2026-06-14T04:25:35.774Z] <<< [apiv2][body] POST https://serviceusage.googleapis.com/v1beta1/projects/1066885898480/services/pubsub.googleapis.com:generateServiceIdentity {"name":"operations/finished.DONE_OPERATION","done":true,"response":{"@type":"type.googleapis.com/google.api.serviceusage.v1beta1.ServiceIdentity","email":"service-1066885898480@gcp-sa-pubsub.iam.gserviceaccount.com","uniqueId":"105429645774300251668"}}
[debug] [2026-06-14T04:25:36.099Z] <<< [apiv2][status] POST https://serviceusage.googleapis.com/v1beta1/projects/1066885898480/services/eventarc.googleapis.com:generateServiceIdentity 200
[debug] [2026-06-14T04:25:36.099Z] <<< [apiv2][body] POST https://serviceusage.googleapis.com/v1beta1/projects/1066885898480/services/eventarc.googleapis.com:generateServiceIdentity {"name":"operations/finished.DONE_OPERATION","done":true,"response":{"@type":"type.googleapis.com/google.api.serviceusage.v1beta1.ServiceIdentity","email":"service-1066885898480@gcp-sa-eventarc.iam.gserviceaccount.com","uniqueId":"105610344873841103690"}}
[debug] [2026-06-14T04:25:36.101Z] Checked if tokens are valid: true, expires at: 1781414326676
[debug] [2026-06-14T04:25:36.101Z] Checked if tokens are valid: true, expires at: 1781414326676
[debug] [2026-06-14T04:25:36.101Z] >>> [apiv2][query] GET https://compute.googleapis.com/compute/v1/projects/1066885898480 [none]
[debug] [2026-06-14T04:25:36.984Z] <<< [apiv2][status] GET https://compute.googleapis.com/compute/v1/projects/1066885898480 403
[debug] [2026-06-14T04:25:36.985Z] <<< [apiv2][body] GET https://compute.googleapis.com/compute/v1/projects/1066885898480 {"error":{"code":403,"message":"Compute Engine API has not been used in project 1066885898480 before or it is disabled. Enable it by visiting https://console.developers.google.com/apis/api/compute.googleapis.com/overview?project=1066885898480 then retry. If you enabled this API recently, wait a few minutes for the action to propagate to our systems and retry.","errors":[{"message":"Compute Engine API has not been used in project 1066885898480 before or it is disabled. Enable it by visiting https://console.developers.google.com/apis/api/compute.googleapis.com/overview?project=1066885898480 then retry. If you enabled this API recently, wait a few minutes for the action to propagate to our systems and retry.","domain":"usageLimits","reason":"accessNotConfigured","extendedHelp":"https://console.developers.google.com"}],"status":"PERMISSION_DENIED","details":[{"@type":"type.googleapis.com/google.rpc.ErrorInfo","reason":"SERVICE_DISABLED","domain":"googleapis.com","metadata":{"containerInfo":"1066885898480","activationUrl":"https://console.developers.google.com/apis/api/compute.googleapis.com/overview?project=1066885898480","service":"compute.googleapis.com","serviceTitle":"Compute Engine API","consumer":"projects/1066885898480"}},{"@type":"type.googleapis.com/google.rpc.LocalizedMessage","locale":"en-US","message":"Compute Engine API has not been used in project 1066885898480 before or it is disabled. Enable it by visiting https://console.developers.google.com/apis/api/compute.googleapis.com/overview?project=1066885898480 then retry. If you enabled this API recently, wait a few minutes for the action to propagate to our systems and retry."},{"@type":"type.googleapis.com/google.rpc.Help","links":[{"description":"Google developers console API activation","url":"https://console.developers.google.com/apis/api/compute.googleapis.com/overview?project=1066885898480"}]}]}}
[debug] [2026-06-14T04:25:36.985Z] unable to look up default compute service account. Falling back to 1066885898480-compute@developer.gserviceaccount.com. Error: {"name":"FirebaseError","children":[],"context":{"body":{"error":{"code":403,"message":"Compute Engine API has not been used in project 1066885898480 before or it is disabled. Enable it by visiting https://console.developers.google.com/apis/api/compute.googleapis.com/overview?project=1066885898480 then retry. If you enabled this API recently, wait a few minutes for the action to propagate to our systems and retry.","errors":[{"message":"Compute Engine API has not been used in project 1066885898480 before or it is disabled. Enable it by visiting https://console.developers.google.com/apis/api/compute.googleapis.com/overview?project=1066885898480 then retry. If you enabled this API recently, wait a few minutes for the action to propagate to our systems and retry.","domain":"usageLimits","reason":"accessNotConfigured","extendedHelp":"https://console.developers.google.com"}],"status":"PERMISSION_DENIED","details":[{"@type":"type.googleapis.com/google.rpc.ErrorInfo","reason":"SERVICE_DISABLED","domain":"googleapis.com","metadata":{"containerInfo":"1066885898480","activationUrl":"https://console.developers.google.com/apis/api/compute.googleapis.com/overview?project=1066885898480","service":"compute.googleapis.com","serviceTitle":"Compute Engine API","consumer":"projects/1066885898480"}},{"@type":"type.googleapis.com/google.rpc.LocalizedMessage","locale":"en-US","message":"Compute Engine API has not been used in project 1066885898480 before or it is disabled. Enable it by visiting https://console.developers.google.com/apis/api/compute.googleapis.com/overview?project=1066885898480 then retry. If you enabled this API recently, wait a few minutes for the action to propagate to our systems and retry."},{"@type":"type.googleapis.com/google.rpc.Help","links":[{"description":"Google developers console API activation","url":"https://console.developers.google.com/apis/api/compute.googleapis.com/overview?project=1066885898480"}]}]}},"response":{"statusCode":403}},"exit":1,"message":"Request to https://compute.googleapis.com/compute/v1/projects/1066885898480 had HTTP Error: 403, Compute Engine API has not been used in project 1066885898480 before or it is disabled. Enable it by visiting https://console.developers.google.com/apis/api/compute.googleapis.com/overview?project=1066885898480 then retry. If you enabled this API recently, wait a few minutes for the action to propagate to our systems and retry.","status":403}
[debug] [2026-06-14T04:25:36.986Z] Checked if tokens are valid: true, expires at: 1781414326676
[debug] [2026-06-14T04:25:36.986Z] Checked if tokens are valid: true, expires at: 1781414326676
[debug] [2026-06-14T04:25:36.986Z] >>> [apiv2][query] POST https://cloudresourcemanager.googleapis.com/v1/projects/1066885898480:getIamPolicy [none]
[debug] [2026-06-14T04:25:37.605Z] <<< [apiv2][status] POST https://cloudresourcemanager.googleapis.com/v1/projects/1066885898480:getIamPolicy 200
[debug] [2026-06-14T04:25:37.605Z] <<< [apiv2][body] POST https://cloudresourcemanager.googleapis.com/v1/projects/1066885898480:getIamPolicy {"version":1,"etag":"BwZULxljrII=","bindings":[{"role":"roles/cloudbuild.builds.builder","members":["serviceAccount:1066885898480@cloudbuild.gserviceaccount.com"]},{"role":"roles/cloudbuild.serviceAgent","members":["serviceAccount:service-1066885898480@gcp-sa-cloudbuild.iam.gserviceaccount.com"]},{"role":"roles/cloudfunctions.serviceAgent","members":["serviceAccount:service-1066885898480@gcf-admin-robot.iam.gserviceaccount.com"]},{"role":"roles/containerregistry.ServiceAgent","members":["serviceAccount:service-1066885898480@containerregistry.iam.gserviceaccount.com"]},{"role":"roles/editor","members":["serviceAccount:1066885898480@cloudservices.gserviceaccount.com","serviceAccount:gpp-project-d5905@appspot.gserviceaccount.com","serviceAccount:1066885898480-compute@developer.gserviceaccount.com","user:globalpetropasifik1@gmail.com"]},{"role":"roles/firebase.managementServiceAgent","members":["serviceAccount:service-1066885898480@gcp-sa-firebase.iam.gserviceaccount.com"]},{"role":"roles/firebase.sdkAdminServiceAgent","members":["serviceAccount:firebase-adminsdk-fbsvc@gpp-project-d5905.iam.gserviceaccount.com"]},{"role":"roles/firebaseauth.admin","members":["serviceAccount:firebase-adminsdk-fbsvc@gpp-project-d5905.iam.gserviceaccount.com"]},{"role":"roles/firebasemods.serviceAgent","members":["serviceAccount:service-1066885898480@gcp-sa-firebasemods.iam.gserviceaccount.com"]},{"role":"roles/firebaserules.system","members":["serviceAccount:service-1066885898480@firebase-rules.iam.gserviceaccount.com"]},{"role":"roles/firestore.serviceAgent","members":["serviceAccount:service-1066885898480@gcp-sa-firestore.iam.gserviceaccount.com"]},{"role":"roles/iam.serviceAccountTokenCreator","members":["serviceAccount:firebase-adminsdk-fbsvc@gpp-project-d5905.iam.gserviceaccount.com"]},{"role":"roles/owner","members":["user:info@petroprimasejahtera.net","user:nico.yonathan@gmail.com"]},{"role":"roles/run.serviceAgent","members":["serviceAccount:service-1066885898480@serverless-robot-prod.iam.gserviceaccount.com"]}]}
[debug] [2026-06-14T04:25:37.606Z] Checked if tokens are valid: true, expires at: 1781414326676
[debug] [2026-06-14T04:25:37.606Z] Checked if tokens are valid: true, expires at: 1781414326676
[debug] [2026-06-14T04:25:37.606Z] >>> [apiv2][query] POST https://cloudresourcemanager.googleapis.com/v1/projects/1066885898480:setIamPolicy [none]
[debug] [2026-06-14T04:25:37.607Z] >>> [apiv2][body] POST https://cloudresourcemanager.googleapis.com/v1/projects/1066885898480:setIamPolicy {"policy":{"version":1,"etag":"BwZULxljrII=","bindings":[{"role":"roles/cloudbuild.builds.builder","members":["serviceAccount:1066885898480@cloudbuild.gserviceaccount.com"]},{"role":"roles/cloudbuild.serviceAgent","members":["serviceAccount:service-1066885898480@gcp-sa-cloudbuild.iam.gserviceaccount.com"]},{"role":"roles/cloudfunctions.serviceAgent","members":["serviceAccount:service-1066885898480@gcf-admin-robot.iam.gserviceaccount.com"]},{"role":"roles/containerregistry.ServiceAgent","members":["serviceAccount:service-1066885898480@containerregistry.iam.gserviceaccount.com"]},{"role":"roles/editor","members":["serviceAccount:1066885898480@cloudservices.gserviceaccount.com","serviceAccount:gpp-project-d5905@appspot.gserviceaccount.com","serviceAccount:1066885898480-compute@developer.gserviceaccount.com","user:globalpetropasifik1@gmail.com"]},{"role":"roles/firebase.managementServiceAgent","members":["serviceAccount:service-1066885898480@gcp-sa-firebase.iam.gserviceaccount.com"]},{"role":"roles/firebase.sdkAdminServiceAgent","members":["serviceAccount:firebase-adminsdk-fbsvc@gpp-project-d5905.iam.gserviceaccount.com"]},{"role":"roles/firebaseauth.admin","members":["serviceAccount:firebase-adminsdk-fbsvc@gpp-project-d5905.iam.gserviceaccount.com"]},{"role":"roles/firebasemods.serviceAgent","members":["serviceAccount:service-1066885898480@gcp-sa-firebasemods.iam.gserviceaccount.com"]},{"role":"roles/firebaserules.system","members":["serviceAccount:service-1066885898480@firebase-rules.iam.gserviceaccount.com"]},{"role":"roles/firestore.serviceAgent","members":["serviceAccount:service-1066885898480@gcp-sa-firestore.iam.gserviceaccount.com"]},{"role":"roles/iam.serviceAccountTokenCreator","members":["serviceAccount:firebase-adminsdk-fbsvc@gpp-project-d5905.iam.gserviceaccount.com","serviceAccount:service-1066885898480@gcp-sa-pubsub.iam.gserviceaccount.com"]},{"role":"roles/owner","members":["user:info@petroprimasejahtera.net","user:nico.yonathan@gmail.com"]},{"role":"roles/run.serviceAgent","members":["serviceAccount:service-1066885898480@serverless-robot-prod.iam.gserviceaccount.com"]},{"role":"roles/run.invoker","members":["serviceAccount:1066885898480-compute@developer.gserviceaccount.com"]},{"role":"roles/eventarc.eventReceiver","members":["serviceAccount:1066885898480-compute@developer.gserviceaccount.com"]}]},"updateMask":"bindings"}
[debug] [2026-06-14T04:25:38.876Z] <<< [apiv2][status] POST https://cloudresourcemanager.googleapis.com/v1/projects/1066885898480:setIamPolicy 200
[debug] [2026-06-14T04:25:38.877Z] <<< [apiv2][body] POST https://cloudresourcemanager.googleapis.com/v1/projects/1066885898480:setIamPolicy {"version":1,"etag":"BwZULxoWqfQ=","bindings":[{"role":"roles/cloudbuild.builds.builder","members":["serviceAccount:1066885898480@cloudbuild.gserviceaccount.com"]},{"role":"roles/cloudbuild.serviceAgent","members":["serviceAccount:service-1066885898480@gcp-sa-cloudbuild.iam.gserviceaccount.com"]},{"role":"roles/cloudfunctions.serviceAgent","members":["serviceAccount:service-1066885898480@gcf-admin-robot.iam.gserviceaccount.com"]},{"role":"roles/containerregistry.ServiceAgent","members":["serviceAccount:service-1066885898480@containerregistry.iam.gserviceaccount.com"]},{"role":"roles/editor","members":["serviceAccount:1066885898480-compute@developer.gserviceaccount.com","serviceAccount:1066885898480@cloudservices.gserviceaccount.com","serviceAccount:gpp-project-d5905@appspot.gserviceaccount.com","user:globalpetropasifik1@gmail.com"]},{"role":"roles/eventarc.eventReceiver","members":["serviceAccount:1066885898480-compute@developer.gserviceaccount.com"]},{"role":"roles/firebase.managementServiceAgent","members":["serviceAccount:service-1066885898480@gcp-sa-firebase.iam.gserviceaccount.com"]},{"role":"roles/firebase.sdkAdminServiceAgent","members":["serviceAccount:firebase-adminsdk-fbsvc@gpp-project-d5905.iam.gserviceaccount.com"]},{"role":"roles/firebaseauth.admin","members":["serviceAccount:firebase-adminsdk-fbsvc@gpp-project-d5905.iam.gserviceaccount.com"]},{"role":"roles/firebasemods.serviceAgent","members":["serviceAccount:service-1066885898480@gcp-sa-firebasemods.iam.gserviceaccount.com"]},{"role":"roles/firebaserules.system","members":["serviceAccount:service-1066885898480@firebase-rules.iam.gserviceaccount.com"]},{"role":"roles/firestore.serviceAgent","members":["serviceAccount:service-1066885898480@gcp-sa-firestore.iam.gserviceaccount.com"]},{"role":"roles/iam.serviceAccountTokenCreator","members":["serviceAccount:firebase-adminsdk-fbsvc@gpp-project-d5905.iam.gserviceaccount.com","serviceAccount:service-1066885898480@gcp-sa-pubsub.iam.gserviceaccount.com"]},{"role":"roles/owner","members":["user:info@petroprimasejahtera.net","user:nico.yonathan@gmail.com"]},{"role":"roles/run.invoker","members":["serviceAccount:1066885898480-compute@developer.gserviceaccount.com"]},{"role":"roles/run.serviceAgent","members":["serviceAccount:service-1066885898480@serverless-robot-prod.iam.gserviceaccount.com"]}]}
[debug] [2026-06-14T04:25:38.878Z] Checked if tokens are valid: true, expires at: 1781414326676
[debug] [2026-06-14T04:25:38.878Z] Checked if tokens are valid: true, expires at: 1781414326676
[debug] [2026-06-14T04:25:38.879Z] >>> [apiv2][query] GET https://cloudresourcemanager.googleapis.com/v1/projects/gpp-project-d5905 [none]
[debug] [2026-06-14T04:25:39.246Z] <<< [apiv2][status] GET https://cloudresourcemanager.googleapis.com/v1/projects/gpp-project-d5905 200
[debug] [2026-06-14T04:25:39.246Z] <<< [apiv2][body] GET https://cloudresourcemanager.googleapis.com/v1/projects/gpp-project-d5905 {"projectNumber":"1066885898480","projectId":"gpp-project-d5905","lifecycleState":"ACTIVE","name":"GPP Project","labels":{"firebase":"enabled","firebase-core":"disabled"},"createTime":"2026-03-13T07:54:54.476111Z","parent":{"type":"organization","id":"662614980553"}}
[debug] [2026-06-14T04:25:39.247Z] Checked if tokens are valid: true, expires at: 1781414326676
[debug] [2026-06-14T04:25:39.247Z] Checked if tokens are valid: true, expires at: 1781414326676
[debug] [2026-06-14T04:25:39.247Z] >>> [apiv2][query] GET https://compute.googleapis.com/compute/v1/projects/1066885898480 [none]
[debug] [2026-06-14T04:25:39.643Z] <<< [apiv2][status] GET https://compute.googleapis.com/compute/v1/projects/1066885898480 403
[debug] [2026-06-14T04:25:39.643Z] <<< [apiv2][body] GET https://compute.googleapis.com/compute/v1/projects/1066885898480 {"error":{"code":403,"message":"Compute Engine API has not been used in project 1066885898480 before or it is disabled. Enable it by visiting https://console.developers.google.com/apis/api/compute.googleapis.com/overview?project=1066885898480 then retry. If you enabled this API recently, wait a few minutes for the action to propagate to our systems and retry.","errors":[{"message":"Compute Engine API has not been used in project 1066885898480 before or it is disabled. Enable it by visiting https://console.developers.google.com/apis/api/compute.googleapis.com/overview?project=1066885898480 then retry. If you enabled this API recently, wait a few minutes for the action to propagate to our systems and retry.","domain":"usageLimits","reason":"accessNotConfigured","extendedHelp":"https://console.developers.google.com"}],"status":"PERMISSION_DENIED","details":[{"@type":"type.googleapis.com/google.rpc.ErrorInfo","reason":"SERVICE_DISABLED","domain":"googleapis.com","metadata":{"consumer":"projects/1066885898480","activationUrl":"https://console.developers.google.com/apis/api/compute.googleapis.com/overview?project=1066885898480","containerInfo":"1066885898480","serviceTitle":"Compute Engine API","service":"compute.googleapis.com"}},{"@type":"type.googleapis.com/google.rpc.LocalizedMessage","locale":"en-US","message":"Compute Engine API has not been used in project 1066885898480 before or it is disabled. Enable it by visiting https://console.developers.google.com/apis/api/compute.googleapis.com/overview?project=1066885898480 then retry. If you enabled this API recently, wait a few minutes for the action to propagate to our systems and retry."},{"@type":"type.googleapis.com/google.rpc.Help","links":[{"description":"Google developers console API activation","url":"https://console.developers.google.com/apis/api/compute.googleapis.com/overview?project=1066885898480"}]}]}}
[debug] [2026-06-14T04:25:39.643Z] unable to look up default compute service account. Falling back to 1066885898480-compute@developer.gserviceaccount.com. Error: {"name":"FirebaseError","children":[],"context":{"body":{"error":{"code":403,"message":"Compute Engine API has not been used in project 1066885898480 before or it is disabled. Enable it by visiting https://console.developers.google.com/apis/api/compute.googleapis.com/overview?project=1066885898480 then retry. If you enabled this API recently, wait a few minutes for the action to propagate to our systems and retry.","errors":[{"message":"Compute Engine API has not been used in project 1066885898480 before or it is disabled. Enable it by visiting https://console.developers.google.com/apis/api/compute.googleapis.com/overview?project=1066885898480 then retry. If you enabled this API recently, wait a few minutes for the action to propagate to our systems and retry.","domain":"usageLimits","reason":"accessNotConfigured","extendedHelp":"https://console.developers.google.com"}],"status":"PERMISSION_DENIED","details":[{"@type":"type.googleapis.com/google.rpc.ErrorInfo","reason":"SERVICE_DISABLED","domain":"googleapis.com","metadata":{"consumer":"projects/1066885898480","activationUrl":"https://console.developers.google.com/apis/api/compute.googleapis.com/overview?project=1066885898480","containerInfo":"1066885898480","serviceTitle":"Compute Engine API","service":"compute.googleapis.com"}},{"@type":"type.googleapis.com/google.rpc.LocalizedMessage","locale":"en-US","message":"Compute Engine API has not been used in project 1066885898480 before or it is disabled. Enable it by visiting https://console.developers.google.com/apis/api/compute.googleapis.com/overview?project=1066885898480 then retry. If you enabled this API recently, wait a few minutes for the action to propagate to our systems and retry."},{"@type":"type.googleapis.com/google.rpc.Help","links":[{"description":"Google developers console API activation","url":"https://console.developers.google.com/apis/api/compute.googleapis.com/overview?project=1066885898480"}]}]}},"response":{"statusCode":403}},"exit":1,"message":"Request to https://compute.googleapis.com/compute/v1/projects/1066885898480 had HTTP Error: 403, Compute Engine API has not been used in project 1066885898480 before or it is disabled. Enable it by visiting https://console.developers.google.com/apis/api/compute.googleapis.com/overview?project=1066885898480 then retry. If you enabled this API recently, wait a few minutes for the action to propagate to our systems and retry.","status":403}
[debug] [2026-06-14T04:25:39.645Z] Checked if tokens are valid: true, expires at: 1781414326676
[debug] [2026-06-14T04:25:39.645Z] Checked if tokens are valid: true, expires at: 1781414326676
[debug] [2026-06-14T04:25:39.645Z] >>> [apiv2][query] GET https://cloudbilling.googleapis.com/v1/projects/gpp-project-d5905/billingInfo [none]
[debug] [2026-06-14T04:25:40.189Z] <<< [apiv2][status] GET https://cloudbilling.googleapis.com/v1/projects/gpp-project-d5905/billingInfo 200
[debug] [2026-06-14T04:25:40.189Z] <<< [apiv2][body] GET https://cloudbilling.googleapis.com/v1/projects/gpp-project-d5905/billingInfo {"name":"projects/gpp-project-d5905/billingInfo","projectId":"gpp-project-d5905","billingAccountName":"billingAccounts/0111A5-BC26DE-214F71","billingEnabled":true}
[debug] [2026-06-14T04:25:40.190Z] Checked if tokens are valid: true, expires at: 1781414326676
[debug] [2026-06-14T04:25:40.190Z] Checked if tokens are valid: true, expires at: 1781414326676
[debug] [2026-06-14T04:25:40.190Z] >>> [apiv2][query] POST https://cloudfunctions.googleapis.com/v2/projects/gpp-project-d5905/locations/asia-southeast1/functions:generateUploadUrl [none]
[debug] [2026-06-14T04:25:44.676Z] <<< [apiv2][status] POST https://cloudfunctions.googleapis.com/v2/projects/gpp-project-d5905/locations/asia-southeast1/functions:generateUploadUrl 200
[debug] [2026-06-14T04:25:44.677Z] <<< [apiv2][body] POST https://cloudfunctions.googleapis.com/v2/projects/gpp-project-d5905/locations/asia-southeast1/functions:generateUploadUrl {"uploadUrl":"https://storage.googleapis.com/gcf-v2-uploads-1066885898480.asia-southeast1.cloudfunctions.appspot.com/cfcfd608-5513-4e9b-8e06-80b4d710a1fd.zip?GoogleAccessId=service-1066885898480@gcf-admin-robot.iam.gserviceaccount.com&Expires=1781412943&Signature=qwcUDpk8Hnn%2BQ%2BlFzrYWmXhIQX7Gd4cF958ABHzmSnhzw1b%2BjlVyq8qzm7Mwq4FMb36wNvJM9CU40BjfWsRIeU3JASHF%2FmE4TGBJA1a7WlbettmlK1%2BQqbzioQpa29KJbyNxwRJJXiLi0BIBs%2BiyPnsOwWF72lKDXclg7OgIiPklDbFPeBNkt8OSfXiDcsqQ7bFkTi04%2BLSkRK2aQ6kr34%2BNeNHekbdU4bpmXQaYWscdQRX1lJVua8i0l0ws3A%2BJYp8Ovkwe%2F5Toid00309OPdpZlarHSoSd0cielV9y9HG53avgizsD2e1XsGfKm0AlCjK3WrXlss1PHbz7YUc2eA%3D%3D","storageSource":{"bucket":"gcf-v2-uploads-1066885898480.asia-southeast1.cloudfunctions.appspot.com","object":"cfcfd608-5513-4e9b-8e06-80b4d710a1fd.zip"}}
[debug] [2026-06-14T04:25:44.677Z] >>> [apiv2][query] PUT https://storage.googleapis.com/gcf-v2-uploads-1066885898480.asia-southeast1.cloudfunctions.appspot.com/cfcfd608-5513-4e9b-8e06-80b4d710a1fd.zip GoogleAccessId=service-1066885898480%40gcf-admin-robot.iam.gserviceaccount.com&Expires=1781412943&Signature=qwcUDpk8Hnn%2BQ%2BlFzrYWmXhIQX7Gd4cF958ABHzmSnhzw1b%2BjlVyq8qzm7Mwq4FMb36wNvJM9CU40BjfWsRIeU3JASHF%2FmE4TGBJA1a7WlbettmlK1%2BQqbzioQpa29KJbyNxwRJJXiLi0BIBs%2BiyPnsOwWF72lKDXclg7OgIiPklDbFPeBNkt8OSfXiDcsqQ7bFkTi04%2BLSkRK2aQ6kr34%2BNeNHekbdU4bpmXQaYWscdQRX1lJVua8i0l0ws3A%2BJYp8Ovkwe%2F5Toid00309OPdpZlarHSoSd0cielV9y9HG53avgizsD2e1XsGfKm0AlCjK3WrXlss1PHbz7YUc2eA%3D%3D
[debug] [2026-06-14T04:25:44.677Z] >>> [apiv2][body] PUT https://storage.googleapis.com/gcf-v2-uploads-1066885898480.asia-southeast1.cloudfunctions.appspot.com/cfcfd608-5513-4e9b-8e06-80b4d710a1fd.zip [stream]
[debug] [2026-06-14T04:25:46.352Z] <<< [apiv2][status] PUT https://storage.googleapis.com/gcf-v2-uploads-1066885898480.asia-southeast1.cloudfunctions.appspot.com/cfcfd608-5513-4e9b-8e06-80b4d710a1fd.zip 200
[debug] [2026-06-14T04:25:46.352Z] <<< [apiv2][body] PUT https://storage.googleapis.com/gcf-v2-uploads-1066885898480.asia-southeast1.cloudfunctions.appspot.com/cfcfd608-5513-4e9b-8e06-80b4d710a1fd.zip [omitted]
[info] +  functions: functions source uploaded successfully 
[info] i  functions: creating Node.js 20 (2nd Gen) function sendApprovalPush(asia-southeast1)... 
[debug] [2026-06-14T04:25:46.363Z] Checked if tokens are valid: true, expires at: 1781414326676
[debug] [2026-06-14T04:25:46.363Z] Checked if tokens are valid: true, expires at: 1781414326676
[debug] [2026-06-14T04:25:46.363Z] >>> [apiv2][query] POST https://cloudfunctions.googleapis.com/v2/projects/gpp-project-d5905/locations/asia-southeast1/functions functionId=sendApprovalPush
[debug] [2026-06-14T04:25:46.364Z] >>> [apiv2][body] POST https://cloudfunctions.googleapis.com/v2/projects/gpp-project-d5905/locations/asia-southeast1/functions {"name":"projects/gpp-project-d5905/locations/asia-southeast1/functions/sendApprovalPush","buildConfig":{"runtime":"nodejs20","entryPoint":"sendApprovalPush","source":{"storageSource":{"bucket":"gcf-v2-uploads-1066885898480.asia-southeast1.cloudfunctions.appspot.com","object":"cfcfd608-5513-4e9b-8e06-80b4d710a1fd.zip"}},"environmentVariables":{"GOOGLE_NODE_RUN_SCRIPTS":""}},"serviceConfig":{"environmentVariables":{"FIREBASE_CONFIG":"{\"projectId\":\"gpp-project-d5905\",\"storageBucket\":\"gpp-project-d5905.firebasestorage.app\"}","GCLOUD_PROJECT":"gpp-project-d5905","EVENTARC_CLOUD_EVENT_SOURCE":"projects/gpp-project-d5905/locations/asia-southeast1/services/sendApprovalPush","FUNCTION_SIGNATURE_TYPE":"cloudevent","FUNCTION_TARGET":"sendApprovalPush","LOG_EXECUTION_ID":"true"},"ingressSettings":null,"timeoutSeconds":null,"serviceAccountEmail":null,"availableMemory":"256Mi","minInstanceCount":null,"maxInstanceCount":null,"maxInstanceRequestConcurrency":80,"availableCpu":"1","vpcConnector":null,"vpcConnectorEgressSettings":null,"directVpcNetworkInterface":null,"directVpcEgress":null},"labels":{"deployment-tool":"cli-firebase","firebase-functions-hash":"d4815be2b63ca4f81c6007220615563dcca786b1"},"eventTrigger":{"eventType":"google.cloud.firestore.document.v1.created","retryPolicy":"RETRY_POLICY_DO_NOT_RETRY","eventFilters":[{"attribute":"database","value":"(default)"},{"attribute":"namespace","value":"(default)"},{"attribute":"document","value":"notification_requests/{reqId}","operator":"match-path-pattern"}],"triggerRegion":"asia-southeast1"}}
[debug] [2026-06-14T04:26:06.922Z] <<< [apiv2][status] POST https://cloudfunctions.googleapis.com/v2/projects/gpp-project-d5905/locations/asia-southeast1/functions 400
[debug] [2026-06-14T04:26:06.922Z] <<< [apiv2][body] POST https://cloudfunctions.googleapis.com/v2/projects/gpp-project-d5905/locations/asia-southeast1/functions {"error":{"code":400,"message":"Validation failed for trigger projects/gpp-project-d5905/locations/asia-southeast1/triggers/sendapprovalpush-729644: Invalid resource state for \"\": Permission denied while using the Eventarc Service Agent. If you recently started to use Eventarc, it may take a few minutes before all necessary permissions are propagated to the Service Agent. Otherwise, verify that it has Eventarc Service Agent role.","status":"FAILED_PRECONDITION"}}
[warn] !  functions: Request to https://cloudfunctions.googleapis.com/v2/projects/gpp-project-d5905/locations/asia-southeast1/functions?functionId=sendApprovalPush had HTTP Error: 400, Validation failed for trigger projects/gpp-project-d5905/locations/asia-southeast1/triggers/sendapprovalpush-729644: Invalid resource state for "": Permission denied while using the Eventarc Service Agent. If you recently started to use Eventarc, it may take a few minutes before all necessary permissions are propagated to the Service Agent. Otherwise, verify that it has Eventarc Service Agent role. 
[warn] !  functions: Since this is your first time using 2nd gen functions, we need a little bit longer to finish setting everything up. Retry the deployment in a few minutes. 
[warn] !  functions:  failed to create function projects/gpp-project-d5905/locations/asia-southeast1/functions/sendApprovalPush 
[error] Failed to create function projects/gpp-project-d5905/locations/asia-southeast1/functions/sendApprovalPush
[warn] !  functions: Deploys failed. Skipping deletes. 
[debug] [2026-06-14T04:26:06.928Z] Total Function Deployment time: 20564
[debug] [2026-06-14T04:26:06.928Z] 1 Functions Deployed
[debug] [2026-06-14T04:26:06.928Z] 1 Functions Errored
[debug] [2026-06-14T04:26:06.928Z] 0 Function Deployments Aborted
[debug] [2026-06-14T04:26:06.928Z] Average Function Deployment time: 20563
[info] 
[info] Functions deploy had errors with the following functions:
	sendApprovalPush(asia-southeast1)
[debug] [2026-06-14T04:26:07.136Z] Checked if tokens are valid: true, expires at: 1781414326676
[debug] [2026-06-14T04:26:07.136Z] Checked if tokens are valid: true, expires at: 1781414326676
[debug] [2026-06-14T04:26:07.136Z] >>> [apiv2][query] GET https://artifactregistry.googleapis.com/v1/projects/gpp-project-d5905/locations/asia-southeast1/repositories/gcf-artifacts [none]
[debug] [2026-06-14T04:26:07.578Z] <<< [apiv2][status] GET https://artifactregistry.googleapis.com/v1/projects/gpp-project-d5905/locations/asia-southeast1/repositories/gcf-artifacts 404
[debug] [2026-06-14T04:26:07.578Z] <<< [apiv2][body] GET https://artifactregistry.googleapis.com/v1/projects/gpp-project-d5905/locations/asia-southeast1/repositories/gcf-artifacts {"error":{"code":404,"message":"Requested entity was not found.","status":"NOT_FOUND"}}
[debug] [2026-06-14T04:26:07.579Z] Failed to check artifact cleanup policy for region asia-southeast1: Request to https://artifactregistry.googleapis.com/v1/projects/gpp-project-d5905/locations/asia-southeast1/repositories/gcf-artifacts had HTTP Error: 404, Requested entity was not found. {"name":"FirebaseError","children":[],"context":{"body":{"error":{"code":404,"message":"Requested entity was not found.","status":"NOT_FOUND"}},"response":{"statusCode":404}},"exit":1,"message":"Request to https://artifactregistry.googleapis.com/v1/projects/gpp-project-d5905/locations/asia-southeast1/repositories/gcf-artifacts had HTTP Error: 404, Requested entity was not found.","status":404}
[debug] [2026-06-14T04:26:07.579Z] Functions deploy failed.
[debug] [2026-06-14T04:26:07.579Z] {
  "endpoint": {
    "id": "sendApprovalPush",
    "project": "gpp-project-d5905",
    "region": "asia-southeast1",
    "entryPoint": "sendApprovalPush",
    "platform": "gcfv2",
    "runtime": "nodejs20",
    "eventTrigger": {
      "eventType": "google.cloud.firestore.document.v1.created",
      "retry": false,
      "eventFilters": {
        "database": "(default)",
        "namespace": "(default)"
      },
      "eventFilterPathPatterns": {
        "document": "notification_requests/{reqId}"
      },
      "region": "asia-southeast1"
    },
    "labels": {
      "deployment-tool": "cli-firebase"
    },
    "serviceAccount": null,
    "ingressSettings": null,
    "availableMemoryMb": null,
    "timeoutSeconds": null,
    "maxInstances": null,
    "minInstances": null,
    "concurrency": 80,
    "vpc": null,
    "environmentVariables": {
      "FIREBASE_CONFIG": "{\"projectId\":\"gpp-project-d5905\",\"storageBucket\":\"gpp-project-d5905.firebasestorage.app\"}",
      "GCLOUD_PROJECT": "gpp-project-d5905",
      "EVENTARC_CLOUD_EVENT_SOURCE": "projects/gpp-project-d5905/locations/asia-southeast1/services/sendApprovalPush"
    },
    "codebase": "default",
    "cpu": 1,
    "targetedByOnly": false,
    "hash": "d4815be2b63ca4f81c6007220615563dcca786b1"
  },
  "op": "create",
  "original": {
    "name": "FirebaseError",
    "children": [],
    "context": {
      "function": "projects/gpp-project-d5905/locations/asia-southeast1/functions/sendApprovalPush"
    },
    "exit": 1,
    "message": "Failed to create function projects/gpp-project-d5905/locations/asia-southeast1/functions/sendApprovalPush",
    "original": {
      "name": "FirebaseError",
      "children": [],
      "context": {
        "body": {
          "error": {
            "code": 400,
            "message": "Validation failed for trigger projects/gpp-project-d5905/locations/asia-southeast1/triggers/sendapprovalpush-729644: Invalid resource state for \"\": Permission denied while using the Eventarc Service Agent. If you recently started to use Eventarc, it may take a few minutes before all necessary permissions are propagated to the Service Agent. Otherwise, verify that it has Eventarc Service Agent role.",
            "status": "FAILED_PRECONDITION"
          }
        },
        "response": {
          "statusCode": 400
        }
      },
      "exit": 1,
      "message": "Request to https://cloudfunctions.googleapis.com/v2/projects/gpp-project-d5905/locations/asia-southeast1/functions?functionId=sendApprovalPush had HTTP Error: 400, Validation failed for trigger projects/gpp-project-d5905/locations/asia-southeast1/triggers/sendapprovalpush-729644: Invalid resource state for \"\": Permission denied while using the Eventarc Service Agent. If you recently started to use Eventarc, it may take a few minutes before all necessary permissions are propagated to the Service Agent. Otherwise, verify that it has Eventarc Service Agent role.",
      "status": 400
    },
    "status": 400,
    "code": 400
  }
}
[debug] [2026-06-14T04:26:07.673Z] Error: Failed to create function sendApprovalPush in region asia-southeast1
    at C:\Users\nico\AppData\Roaming\npm\node_modules\firebase-tools\lib\deploy\functions\release\fabricator.js:332:27
    at process.processTicksAndRejections (node:internal/process/task_queues:104:5)
    at async Fabricator.createV2Function (C:\Users\nico\AppData\Roaming\npm\node_modules\firebase-tools\lib\deploy\functions\release\fabricator.js:311:30)
    at async Fabricator.createEndpoint (C:\Users\nico\AppData\Roaming\npm\node_modules\firebase-tools\lib\deploy\functions\release\fabricator.js:153:13)
    at async Fabricator.wrapOperation (C:\Users\nico\AppData\Roaming\npm\node_modules\firebase-tools\lib\deploy\functions\release\fabricator.js:138:13)
    at async Promise.all (index 0)
    at async Promise.allSettled (index 0)
    at async Fabricator.applyPlan (C:\Users\nico\AppData\Roaming\npm\node_modules\firebase-tools\lib\deploy\functions\release\fabricator.js:77:45)
    at async release (C:\Users\nico\AppData\Roaming\npm\node_modules\firebase-tools\lib\deploy\functions\release\index.js:87:21)
    at async chain (C:\Users\nico\AppData\Roaming\npm\node_modules\firebase-tools\lib\deploy\index.js:45:9)
[error] 
[error] Error: There was an error deploying functions
